c:\users\melko\source\repos\oocatcher\oocatcher\x64\debug\vc142.pdb
c:\users\melko\source\repos\oocatcher\oocatcher\x64\debug\vc142.idb
c:\users\melko\source\repos\oocatcher\oocatcher\x64\debug\target_object.obj
c:\users\melko\source\repos\oocatcher\oocatcher\x64\debug\point.obj
c:\users\melko\source\repos\oocatcher\oocatcher\x64\debug\line_segment.obj
c:\users\melko\source\repos\oocatcher\oocatcher\x64\debug\torso.obj
c:\users\melko\source\repos\oocatcher\oocatcher\x64\debug\leg.obj
c:\users\melko\source\repos\oocatcher\oocatcher\x64\debug\forearm.obj
c:\users\melko\source\repos\oocatcher\oocatcher\x64\debug\foot.obj
c:\users\melko\source\repos\oocatcher\oocatcher\x64\debug\arm.obj
c:\users\melko\source\repos\oocatcher\oocatcher\x64\debug\oocatcher.obj
c:\users\melko\source\repos\oocatcher\oocatcher\x64\debug\human.obj
c:\users\melko\source\repos\oocatcher\oocatcher\x64\debug\drawer.obj
c:\users\melko\source\repos\oocatcher\x64\debug\oocatcher.exe
c:\users\melko\source\repos\oocatcher\x64\debug\oocatcher.ilk
c:\users\melko\source\repos\oocatcher\x64\debug\oocatcher.pdb
c:\users\melko\source\repos\oocatcher\oocatcher\x64\debug\oocatcher.tlog\cl.command.1.tlog
c:\users\melko\source\repos\oocatcher\oocatcher\x64\debug\oocatcher.tlog\cl.read.1.tlog
c:\users\melko\source\repos\oocatcher\oocatcher\x64\debug\oocatcher.tlog\cl.write.1.tlog
c:\users\melko\source\repos\oocatcher\oocatcher\x64\debug\oocatcher.tlog\link.command.1.tlog
c:\users\melko\source\repos\oocatcher\oocatcher\x64\debug\oocatcher.tlog\link.read.1.tlog
c:\users\melko\source\repos\oocatcher\oocatcher\x64\debug\oocatcher.tlog\link.write.1.tlog
