  Drawer.cpp
C:\Users\melko\source\repos\OOCatcher\OOCatcher\Drawer.cpp(7,114): warning C4244: 'argument': conversion from 'double' to '_Tp', possible loss of data
          with
          [
              _Tp=int
          ]
C:\Users\melko\source\repos\OOCatcher\OOCatcher\Drawer.cpp(7,80): warning C4244: 'argument': conversion from 'double' to '_Tp', possible loss of data
          with
          [
              _Tp=int
          ]
C:\Users\melko\source\repos\OOCatcher\OOCatcher\Drawer.cpp(7,54): warning C4244: 'argument': conversion from 'double' to '_Tp', possible loss of data
          with
          [
              _Tp=int
          ]
C:\Users\melko\source\repos\OOCatcher\OOCatcher\Drawer.cpp(7,38): warning C4244: 'argument': conversion from 'double' to '_Tp', possible loss of data
          with
          [
              _Tp=int
          ]
C:\Users\melko\source\repos\OOCatcher\OOCatcher\Drawer.cpp(27,13): warning C4244: 'argument': conversion from 'double' to 'int', possible loss of data
C:\Users\melko\source\repos\OOCatcher\OOCatcher\Drawer.cpp(25,49): warning C4244: 'argument': conversion from 'double' to '_Tp', possible loss of data
          with
          [
              _Tp=int
          ]
C:\Users\melko\source\repos\OOCatcher\OOCatcher\Drawer.cpp(25,32): warning C4244: 'argument': conversion from 'double' to '_Tp', possible loss of data
          with
          [
              _Tp=int
          ]
C:\Users\melko\source\repos\OOCatcher\OOCatcher\Drawer.cpp(36,53): warning C4244: 'argument': conversion from 'double' to '_Tp', possible loss of data
          with
          [
              _Tp=int
          ]
C:\Users\melko\source\repos\OOCatcher\OOCatcher\Drawer.cpp(36,34): warning C4244: 'argument': conversion from 'double' to '_Tp', possible loss of data
          with
          [
              _Tp=int
          ]
C:\Users\melko\source\repos\OOCatcher\OOCatcher\Drawer.cpp(42,55): warning C4244: 'argument': conversion from 'double' to '_Tp', possible loss of data
          with
          [
              _Tp=int
          ]
C:\Users\melko\source\repos\OOCatcher\OOCatcher\Drawer.cpp(42,35): warning C4244: 'argument': conversion from 'double' to '_Tp', possible loss of data
          with
          [
              _Tp=int
          ]
C:\Users\melko\source\repos\OOCatcher\OOCatcher\Drawer.cpp(47,111): warning C4244: 'argument': conversion from 'double' to 'int', possible loss of data
C:\Users\melko\source\repos\OOCatcher\OOCatcher\Drawer.cpp(47,62): warning C4244: 'argument': conversion from 'double' to '_Tp', possible loss of data
          with
          [
              _Tp=int
          ]
  OOCatcher.vcxproj -> C:\Users\melko\source\repos\OOCatcher\x64\Debug\OOCatcher.exe
